Vivado Simulator v2022.2
Copyright 1986-1999, 2001-2022 Xilinx, Inc. All Rights Reserved.
Running: D:/Xilinx/Vivado/2022.2/bin/unwrapped/win64.o/xelab.exe --incr --debug typical --relax --mt 2 -L xil_defaultlib -L unisims_ver -L unimacro_ver -L secureip --snapshot counter60_tb_behav xil_defaultlib.counter60_tb xil_defaultlib.glbl -log elaborate.log 
Using 2 slave threads.
Starting static elaboration
Pass Through NonSizing Optimizer
Completed static elaboration
Starting simulation data flow analysis
WARNING: [XSIM 43-4099] "C:/Users/Lenovo/counter60/counter60.srcs/sources_1/new/counter60.v" Line 1. Module counter60 doesn't have a timescale but at least one module in design has a timescale.
WARNING: [XSIM 43-4099] "C:/Users/Lenovo/counter60/counter60.srcs/sources_1/new/counter60.v" Line 18. Module counter10 doesn't have a timescale but at least one module in design has a timescale.
WARNING: [XSIM 43-4099] "C:/Users/Lenovo/counter60/counter60.srcs/sources_1/new/counter60.v" Line 43. Module counter6 doesn't have a timescale but at least one module in design has a timescale.
WARNING: [XSIM 43-4099] "C:/Users/Lenovo/counter60/counter60.srcs/sources_1/new/counter60.v" Line 1. Module counter60 doesn't have a timescale but at least one module in design has a timescale.
WARNING: [XSIM 43-4099] "C:/Users/Lenovo/counter60/counter60.srcs/sources_1/new/counter60.v" Line 18. Module counter10 doesn't have a timescale but at least one module in design has a timescale.
WARNING: [XSIM 43-4099] "C:/Users/Lenovo/counter60/counter60.srcs/sources_1/new/counter60.v" Line 43. Module counter6 doesn't have a timescale but at least one module in design has a timescale.
Completed simulation data flow analysis
Time Resolution for simulation is 1ps
Compiling module xil_defaultlib.counter10
Compiling module xil_defaultlib.counter6
Compiling module xil_defaultlib.counter60
Compiling module xil_defaultlib.counter60_tb
Compiling module xil_defaultlib.glbl
Built simulation snapshot counter60_tb_behav
